Batch search [1000 learning rounds, 1000 testing rounds, avg of 5 runs]
=========================
        1/150: .....
34.0% (from 11.4%) | min_α: 0.1, learn_λ: 50, γ: 1
        2/150: .....
23.0% (from 9.8%) | min_α: 0.1, learn_λ: 300, γ: 1
        3/150: .....
14.8% (from 7.8%) | min_α: 0.1, learn_λ: 800, γ: 1
        4/150: .....
12.4% (from 7.8%) | min_α: 0.1, learn_λ: 1000, γ: 1
        5/150: .....
12.0% (from 8.0%) | min_α: 0.1, learn_λ: 5000, γ: 1
        6/150: .....
11.6% (from 8.2%) | min_α: 0.1, learn_λ: 10000, γ: 1
        7/150: .....
18.0% (from 9.6%) | min_α: 0.1, learn_λ: 50, γ: 0.9
        8/150: .....
18.0% (from 9.6%) | min_α: 0.1, learn_λ: 300, γ: 0.9
        9/150: .....
16.0% (from 8.8%) | min_α: 0.1, learn_λ: 800, γ: 0.9
        10/150: .....
16.2% (from 9.0%) | min_α: 0.1, learn_λ: 1000, γ: 0.9
        11/150: .....
15.2% (from 8.2%) | min_α: 0.1, learn_λ: 5000, γ: 0.9
        12/150: .....
16.2% (from 8.0%) | min_α: 0.1, learn_λ: 10000, γ: 0.9
        13/150: .....
14.2% (from 8.8%) | min_α: 0.1, learn_λ: 50, γ: 0.6
        14/150: .....
18.6% (from 8.4%) | min_α: 0.1, learn_λ: 300, γ: 0.6
        15/150: .....
16.6% (from 7.6%) | min_α: 0.1, learn_λ: 800, γ: 0.6
        16/150: .....
17.8% (from 7.8%) | min_α: 0.1, learn_λ: 1000, γ: 0.6
        17/150: .....
17.0% (from 7.8%) | min_α: 0.1, learn_λ: 5000, γ: 0.6
        18/150: .....
16.8% (from 7.8%) | min_α: 0.1, learn_λ: 10000, γ: 0.6
        19/150: .....
16.4% (from 9.4%) | min_α: 0.1, learn_λ: 50, γ: 0.3
        20/150: .....
17.8% (from 8.0%) | min_α: 0.1, learn_λ: 300, γ: 0.3
        21/150: .....
18.4% (from 7.6%) | min_α: 0.1, learn_λ: 800, γ: 0.3
        22/150: .....
17.8% (from 8.2%) | min_α: 0.1, learn_λ: 1000, γ: 0.3
        23/150: .....
18.2% (from 8.0%) | min_α: 0.1, learn_λ: 5000, γ: 0.3
        24/150: .....
18.2% (from 7.8%) | min_α: 0.1, learn_λ: 10000, γ: 0.3
        25/150: .....
18.2% (from 10.0%) | min_α: 0.1, learn_λ: 50, γ: 0.15
        26/150: .....
19.4% (from 9.8%) | min_α: 0.1, learn_λ: 300, γ: 0.15
        27/150: .....
17.8% (from 7.4%) | min_α: 0.1, learn_λ: 800, γ: 0.15
        28/150: .....
18.0% (from 7.8%) | min_α: 0.1, learn_λ: 1000, γ: 0.15
        29/150: .....
16.8% (from 8.4%) | min_α: 0.1, learn_λ: 5000, γ: 0.15
        30/150: .....
18.2% (from 7.8%) | min_α: 0.1, learn_λ: 10000, γ: 0.15
        31/150: .....
29.8% (from 11.0%) | min_α: 0.2, learn_λ: 50, γ: 1
        32/150: .....
22.0% (from 9.4%) | min_α: 0.2, learn_λ: 300, γ: 1
        33/150: .....
15.0% (from 7.8%) | min_α: 0.2, learn_λ: 800, γ: 1
        34/150: .....
14.2% (from 8.0%) | min_α: 0.2, learn_λ: 1000, γ: 1
        35/150: .....
11.8% (from 8.2%) | min_α: 0.2, learn_λ: 5000, γ: 1
        36/150: .....
12.6% (from 8.2%) | min_α: 0.2, learn_λ: 10000, γ: 1
        37/150: .....
17.4% (from 9.4%) | min_α: 0.2, learn_λ: 50, γ: 0.9
        38/150: .....
16.8% (from 8.8%) | min_α: 0.2, learn_λ: 300, γ: 0.9
        39/150: .....
16.6% (from 8.0%) | min_α: 0.2, learn_λ: 800, γ: 0.9
        40/150: .....
15.8% (from 8.6%) | min_α: 0.2, learn_λ: 1000, γ: 0.9
        41/150: .....
15.2% (from 7.8%) | min_α: 0.2, learn_λ: 5000, γ: 0.9
        42/150: .....
15.8% (from 8.0%) | min_α: 0.2, learn_λ: 10000, γ: 0.9
        43/150: .....
15.6% (from 9.2%) | min_α: 0.2, learn_λ: 50, γ: 0.6
        44/150: .....
17.4% (from 8.2%) | min_α: 0.2, learn_λ: 300, γ: 0.6
        45/150: .....
16.2% (from 7.8%) | min_α: 0.2, learn_λ: 800, γ: 0.6
        46/150: .....
17.2% (from 8.2%) | min_α: 0.2, learn_λ: 1000, γ: 0.6
        47/150: .....
16.6% (from 8.2%) | min_α: 0.2, learn_λ: 5000, γ: 0.6
        48/150: .....
18.0% (from 8.2%) | min_α: 0.2, learn_λ: 10000, γ: 0.6
        49/150: .....
17.2% (from 9.0%) | min_α: 0.2, learn_λ: 50, γ: 0.3
        50/150: .....
18.2% (from 8.4%) | min_α: 0.2, learn_λ: 300, γ: 0.3
        51/150: .....
18.6% (from 8.8%) | min_α: 0.2, learn_λ: 800, γ: 0.3
        52/150: .....
18.6% (from 7.8%) | min_α: 0.2, learn_λ: 1000, γ: 0.3
        53/150: .....
18.8% (from 7.8%) | min_α: 0.2, learn_λ: 5000, γ: 0.3
        54/150: .....
17.8% (from 7.4%) | min_α: 0.2, learn_λ: 10000, γ: 0.3
        55/150: .....
19.0% (from 9.6%) | min_α: 0.2, learn_λ: 50, γ: 0.15
        56/150: .....
19.4% (from 9.2%) | min_α: 0.2, learn_λ: 300, γ: 0.15
        57/150: .....
19.4% (from 8.0%) | min_α: 0.2, learn_λ: 800, γ: 0.15
        58/150: .....
18.4% (from 8.0%) | min_α: 0.2, learn_λ: 1000, γ: 0.15
        59/150: .....
18.8% (from 7.8%) | min_α: 0.2, learn_λ: 5000, γ: 0.15
        60/150: .....
19.0% (from 8.4%) | min_α: 0.2, learn_λ: 10000, γ: 0.15
        61/150: .....
26.2% (from 11.0%) | min_α: 0.3, learn_λ: 50, γ: 1
        62/150: .....
19.0% (from 9.4%) | min_α: 0.3, learn_λ: 300, γ: 1
        63/150: .....
16.2% (from 7.8%) | min_α: 0.3, learn_λ: 800, γ: 1
        64/150: .....
14.0% (from 8.0%) | min_α: 0.3, learn_λ: 1000, γ: 1
        65/150: .....
12.4% (from 8.8%) | min_α: 0.3, learn_λ: 5000, γ: 1
        66/150: .....
12.2% (from 7.6%) | min_α: 0.3, learn_λ: 10000, γ: 1
        67/150: .....
17.0% (from 10.4%) | min_α: 0.3, learn_λ: 50, γ: 0.9
        68/150: .....
16.4% (from 9.2%) | min_α: 0.3, learn_λ: 300, γ: 0.9
        69/150: .....
15.0% (from 8.6%) | min_α: 0.3, learn_λ: 800, γ: 0.9
        70/150: .....
16.6% (from 8.6%) | min_α: 0.3, learn_λ: 1000, γ: 0.9
        71/150: .....
15.2% (from 8.4%) | min_α: 0.3, learn_λ: 5000, γ: 0.9
        72/150: .....
15.8% (from 9.0%) | min_α: 0.3, learn_λ: 10000, γ: 0.9
        73/150: .....
16.4% (from 8.8%) | min_α: 0.3, learn_λ: 50, γ: 0.6
        74/150: .....
16.2% (from 9.2%) | min_α: 0.3, learn_λ: 300, γ: 0.6
        75/150: .....
16.8% (from 7.4%) | min_α: 0.3, learn_λ: 800, γ: 0.6
        76/150: .....
17.0% (from 7.0%) | min_α: 0.3, learn_λ: 1000, γ: 0.6
        77/150: .....
16.6% (from 8.0%) | min_α: 0.3, learn_λ: 5000, γ: 0.6
        78/150: .....
16.4% (from 7.4%) | min_α: 0.3, learn_λ: 10000, γ: 0.6
        79/150: .....
18.0% (from 9.6%) | min_α: 0.3, learn_λ: 50, γ: 0.3
        80/150: .....
19.6% (from 8.8%) | min_α: 0.3, learn_λ: 300, γ: 0.3
        81/150: .....
18.2% (from 8.4%) | min_α: 0.3, learn_λ: 800, γ: 0.3
        82/150: .....
18.2% (from 7.2%) | min_α: 0.3, learn_λ: 1000, γ: 0.3
        83/150: .....
17.0% (from 7.6%) | min_α: 0.3, learn_λ: 5000, γ: 0.3
        84/150: .....
18.8% (from 7.8%) | min_α: 0.3, learn_λ: 10000, γ: 0.3
        85/150: .....
17.6% (from 9.0%) | min_α: 0.3, learn_λ: 50, γ: 0.15
        86/150: .....
20.8% (from 8.6%) | min_α: 0.3, learn_λ: 300, γ: 0.15
        87/150: .....
19.0% (from 7.6%) | min_α: 0.3, learn_λ: 800, γ: 0.15
        88/150: .....
20.8% (from 8.0%) | min_α: 0.3, learn_λ: 1000, γ: 0.15
        89/150: .....
18.0% (from 7.2%) | min_α: 0.3, learn_λ: 5000, γ: 0.15
        90/150: .....
18.0% (from 8.2%) | min_α: 0.3, learn_λ: 10000, γ: 0.15
        91/150: .....
21.6% (from 11.2%) | min_α: 0.5, learn_λ: 50, γ: 1
        92/150: .....
22.6% (from 9.4%) | min_α: 0.5, learn_λ: 300, γ: 1
        93/150: .....
14.4% (from 8.4%) | min_α: 0.5, learn_λ: 800, γ: 1
        94/150: .....
14.4% (from 8.2%) | min_α: 0.5, learn_λ: 1000, γ: 1
        95/150: .....
11.4% (from 7.8%) | min_α: 0.5, learn_λ: 5000, γ: 1
        96/150: .....
12.6% (from 8.2%) | min_α: 0.5, learn_λ: 10000, γ: 1
        97/150: .....
17.2% (from 9.2%) | min_α: 0.5, learn_λ: 50, γ: 0.9
        98/150: .....
15.6% (from 8.4%) | min_α: 0.5, learn_λ: 300, γ: 0.9
        99/150: .....
17.0% (from 8.0%) | min_α: 0.5, learn_λ: 800, γ: 0.9
        100/150: .....
16.4% (from 8.6%) | min_α: 0.5, learn_λ: 1000, γ: 0.9
        101/150: .....
15.0% (from 8.4%) | min_α: 0.5, learn_λ: 5000, γ: 0.9
        102/150: .....
15.6% (from 8.6%) | min_α: 0.5, learn_λ: 10000, γ: 0.9
        103/150: .....
17.0% (from 8.0%) | min_α: 0.5, learn_λ: 50, γ: 0.6
        104/150: .....
17.0% (from 8.8%) | min_α: 0.5, learn_λ: 300, γ: 0.6
        105/150: .....
17.4% (from 7.4%) | min_α: 0.5, learn_λ: 800, γ: 0.6
        106/150: .....
16.8% (from 7.8%) | min_α: 0.5, learn_λ: 1000, γ: 0.6
        107/150: .....
17.0% (from 7.2%) | min_α: 0.5, learn_λ: 5000, γ: 0.6
        108/150: .....
17.0% (from 7.4%) | min_α: 0.5, learn_λ: 10000, γ: 0.6
        109/150: .....
17.8% (from 9.4%) | min_α: 0.5, learn_λ: 50, γ: 0.3
        110/150: .....
19.2% (from 8.6%) | min_α: 0.5, learn_λ: 300, γ: 0.3
        111/150: .....
18.2% (from 7.6%) | min_α: 0.5, learn_λ: 800, γ: 0.3
        112/150: .....
19.4% (from 7.6%) | min_α: 0.5, learn_λ: 1000, γ: 0.3
        113/150: .....
17.8% (from 7.6%) | min_α: 0.5, learn_λ: 5000, γ: 0.3
        114/150: .....
17.2% (from 7.4%) | min_α: 0.5, learn_λ: 10000, γ: 0.3
        115/150: .....
19.4% (from 9.2%) | min_α: 0.5, learn_λ: 50, γ: 0.15
        116/150: .....
19.2% (from 8.8%) | min_α: 0.5, learn_λ: 300, γ: 0.15
        117/150: .....
18.8% (from 7.4%) | min_α: 0.5, learn_λ: 800, γ: 0.15
        118/150: .....
17.4% (from 8.4%) | min_α: 0.5, learn_λ: 1000, γ: 0.15
        119/150: .....
18.8% (from 7.4%) | min_α: 0.5, learn_λ: 5000, γ: 0.15
        120/150: .....
18.8% (from 8.4%) | min_α: 0.5, learn_λ: 10000, γ: 0.15
        121/150: .....
19.2% (from 9.6%) | min_α: 0.7, learn_λ: 50, γ: 1
        122/150: .....
18.2% (from 9.0%) | min_α: 0.7, learn_λ: 300, γ: 1
        123/150: .....
16.0% (from 8.4%) | min_α: 0.7, learn_λ: 800, γ: 1
        124/150: .....
13.8% (from 8.2%) | min_α: 0.7, learn_λ: 1000, γ: 1
        125/150: .....
12.2% (from 8.4%) | min_α: 0.7, learn_λ: 5000, γ: 1
        126/150: .....
13.0% (from 9.0%) | min_α: 0.7, learn_λ: 10000, γ: 1
        127/150: .....
16.0% (from 8.6%) | min_α: 0.7, learn_λ: 50, γ: 0.9
        128/150: .....
16.0% (from 8.6%) | min_α: 0.7, learn_λ: 300, γ: 0.9
        129/150: .....
14.6% (from 7.4%) | min_α: 0.7, learn_λ: 800, γ: 0.9
        130/150: .....
15.4% (from 9.0%) | min_α: 0.7, learn_λ: 1000, γ: 0.9
        131/150: .....
15.6% (from 8.2%) | min_α: 0.7, learn_λ: 5000, γ: 0.9
        132/150: .....
15.0% (from 8.4%) | min_α: 0.7, learn_λ: 10000, γ: 0.9
        133/150: .....
16.4% (from 7.8%) | min_α: 0.7, learn_λ: 50, γ: 0.6
        134/150: .....
16.4% (from 7.8%) | min_α: 0.7, learn_λ: 300, γ: 0.6
        135/150: .....
17.2% (from 7.2%) | min_α: 0.7, learn_λ: 800, γ: 0.6
        136/150: .....
17.0% (from 7.8%) | min_α: 0.7, learn_λ: 1000, γ: 0.6
        137/150: .....
17.8% (from 7.8%) | min_α: 0.7, learn_λ: 5000, γ: 0.6
        138/150: .....
17.6% (from 7.4%) | min_α: 0.7, learn_λ: 10000, γ: 0.6
        139/150: .....
17.8% (from 8.6%) | min_α: 0.7, learn_λ: 50, γ: 0.3
        140/150: .....
18.6% (from 8.6%) | min_α: 0.7, learn_λ: 300, γ: 0.3
        141/150: .....
18.0% (from 7.4%) | min_α: 0.7, learn_λ: 800, γ: 0.3
        142/150: .....
16.8% (from 7.4%) | min_α: 0.7, learn_λ: 1000, γ: 0.3
        143/150: .....
17.0% (from 7.8%) | min_α: 0.7, learn_λ: 5000, γ: 0.3
        144/150: .....
17.0% (from 7.2%) | min_α: 0.7, learn_λ: 10000, γ: 0.3
        145/150: .....
17.8% (from 8.4%) | min_α: 0.7, learn_λ: 50, γ: 0.15
        146/150: .....
19.8% (from 8.6%) | min_α: 0.7, learn_λ: 300, γ: 0.15
        147/150: .....
18.4% (from 7.4%) | min_α: 0.7, learn_λ: 800, γ: 0.15
        148/150: .....
19.2% (from 7.8%) | min_α: 0.7, learn_λ: 1000, γ: 0.15
        149/150: .....
17.6% (from 8.0%) | min_α: 0.7, learn_λ: 5000, γ: 0.15
        150/150: .....
18.8% (from 7.6%) | min_α: 0.7, learn_λ: 10000, γ: 0.15
